<?xml version="1.0" encoding="UTF-8"?>
<testsuite xmlns:xsi="http://www.w3.org/2001/XMLSchema-instance" xsi:noNamespaceSchemaLocation="https://maven.apache.org/surefire/maven-surefire-plugin/xsd/surefire-test-report.xsd" version="3.0.2" name="com.best_restaurants.controllers.RestaurantsControllerTest" time="2.66" tests="1" errors="0" skipped="0" failures="0">
  <properties>
[...]
</properties>
  <testcase name="shouldReturn400AndProblemDetailWhenNoCriteriaProvided" classname="com.best_restaurants.controllers.RestaurantsControllerTest" time="0.431">
    <system-out><![CDATA[2025-10-07T16:53:15.040-03:00  INFO 5696 --- [best-restaurants] [           main] t.c.s.AnnotationConfigContextLoaderUtils : Could not detect default configuration classes for test class [com.best_restaurants.controllers.RestaurantsControllerTest]: RestaurantsControllerTest does not declare any static, non-private, non-final, nested classes annotated with @Configuration.
2025-10-07T16:53:15.091-03:00  INFO 5696 --- [best-restaurants] [           main] .b.t.c.SpringBootTestContextBootstrapper : Found @SpringBootConfiguration com.best_restaurants.BestRestaurantsApplication for test class com.best_restaurants.controllers.RestaurantsControllerTest

  .   ____          _            __ _ _
 /\\ / ___'_ __ _ _(_)_ __  __ _ \ \ \ \
( ( )\___ | '_ | '_| | '_ \/ _` | \ \ \ \
 \\/  ___)| |_)| | | | | || (_| |  ) ) ) )
  '  |____| .__|_| |_|_| |_\__, | / / / /
 =========|_|==============|___/=/_/_/_/

 :: Spring Boot ::                (v3.5.6)

2025-10-07T16:53:15.157-03:00  INFO 5696 --- [best-restaurants] [           main] c.b.c.RestaurantsControllerTest          : Starting RestaurantsControllerTest using Java 17.0.12 with PID 5696 (started by salat in C:\Users\salat\Downloads\best-restaurants)
2025-10-07T16:53:15.157-03:00  INFO 5696 --- [best-restaurants] [           main] c.b.c.RestaurantsControllerTest          : No active profile set, falling back to 1 default profile: "default"
2025-10-07T16:53:17.188-03:00  INFO 5696 --- [best-restaurants] [           main] o.s.b.t.m.w.SpringBootMockServletContext : Initializing Spring TestDispatcherServlet ''
2025-10-07T16:53:17.188-03:00  INFO 5696 --- [best-restaurants] [           main] o.s.t.web.servlet.TestDispatcherServlet  : Initializing Servlet ''
2025-10-07T16:53:17.210-03:00  INFO 5696 --- [best-restaurants] [           main] o.s.t.web.servlet.TestDispatcherServlet  : Completed initialization in 4 ms
2025-10-07T16:53:17.238-03:00  INFO 5696 --- [best-restaurants] [           main] c.b.c.RestaurantsControllerTest          : Started RestaurantsControllerTest in 2.142 seconds (process running for 8.387)
]]></system-out>
  </testcase>
</testsuite>